{
  "D:\\学习\\前端实习资料\\project\\cheese-design\\packages\\components\\src\\Button\\index.tsx": {
    "path": "D:\\学习\\前端实习资料\\project\\cheese-design\\packages\\components\\src\\Button\\index.tsx",
    "statementMap": {
      "0": {
        "start": { "line": 1, "column": 0 },
        "end": { "line": 1, "column": 26 }
      },
      "1": {
        "start": { "line": 2, "column": 0 },
        "end": { "line": 2, "column": 36 }
      },
      "2": {
        "start": { "line": 3, "column": 0 },
        "end": { "line": 3, "column": 41 }
      },
      "3": {
        "start": { "line": 15, "column": 45 },
        "end": { "line": 33, "column": 1 }
      },
      "4": {
        "start": { "line": 22, "column": 18 },
        "end": { "line": 26, "column": null }
      },
      "5": {
        "start": { "line": 28, "column": 2 },
        "end": { "line": 32, "column": 4 }
      },
      "6": {
        "start": { "line": 15, "column": 13 },
        "end": { "line": 15, "column": 45 }
      }
    },
    "fnMap": {
      "0": {
        "name": "(anonymous_1)",
        "decl": {
          "start": { "line": 15, "column": 45 },
          "end": { "line": 15, "column": 46 }
        },
        "loc": {
          "start": { "line": 21, "column": 5 },
          "end": { "line": 33, "column": 1 }
        }
      }
    },
    "branchMap": {
      "0": {
        "loc": {
          "start": { "line": 17, "column": 2 },
          "end": { "line": 17, "column": 18 }
        },
        "type": "default-arg",
        "locations": [
          {
            "start": { "line": 17, "column": 9 },
            "end": { "line": 17, "column": 18 }
          }
        ]
      },
      "1": {
        "loc": {
          "start": { "line": 18, "column": 2 },
          "end": { "line": 18, "column": 17 }
        },
        "type": "default-arg",
        "locations": [
          {
            "start": { "line": 18, "column": 9 },
            "end": { "line": 18, "column": 17 }
          }
        ]
      },
      "2": {
        "loc": {
          "start": { "line": 19, "column": 2 },
          "end": { "line": 19, "column": 18 }
        },
        "type": "default-arg",
        "locations": [
          {
            "start": { "line": 19, "column": 13 },
            "end": { "line": 19, "column": 18 }
          }
        ]
      },
      "3": {
        "loc": {
          "start": { "line": 24, "column": 4 },
          "end": { "line": 24, "column": 24 }
        },
        "type": "binary-expr",
        "locations": [
          {
            "start": { "line": 24, "column": 4 },
            "end": { "line": 24, "column": 8 }
          },
          {
            "start": { "line": 24, "column": 12 },
            "end": { "line": 24, "column": 24 }
          }
        ]
      },
      "4": {
        "loc": {
          "start": { "line": 25, "column": 4 },
          "end": { "line": 25, "column": 24 }
        },
        "type": "binary-expr",
        "locations": [
          {
            "start": { "line": 25, "column": 4 },
            "end": { "line": 25, "column": 8 }
          },
          {
            "start": { "line": 25, "column": 12 },
            "end": { "line": 25, "column": 24 }
          }
        ]
      },
      "5": {
        "loc": {
          "start": { "line": 26, "column": 4 },
          "end": { "line": 26, "column": 31 }
        },
        "type": "binary-expr",
        "locations": [
          {
            "start": { "line": 26, "column": 4 },
            "end": { "line": 26, "column": 12 }
          },
          {
            "start": { "line": 26, "column": 16 },
            "end": { "line": 26, "column": 31 }
          }
        ]
      }
    },
    "s": { "0": 1, "1": 1, "2": 1, "3": 1, "4": 3, "5": 3, "6": 1 },
    "f": { "0": 3 },
    "b": { "0": [3], "1": [3], "2": [2], "3": [3, 3], "4": [3, 3], "5": [3, 1] }
  },
  "D:\\学习\\前端实习资料\\project\\cheese-design\\packages\\components\\src\\Input\\Input.tsx": {
    "path": "D:\\学习\\前端实习资料\\project\\cheese-design\\packages\\components\\src\\Input\\Input.tsx",
    "statementMap": {
      "0": {
        "start": { "line": 2, "column": 0 },
        "end": { "line": 2, "column": 42 }
      },
      "1": {
        "start": { "line": 3, "column": 0 },
        "end": { "line": 3, "column": 36 }
      },
      "2": {
        "start": { "line": 4, "column": 0 },
        "end": { "line": 4, "column": 41 }
      },
      "3": {
        "start": { "line": 16, "column": 13 },
        "end": { "line": 53, "column": 2 }
      },
      "4": {
        "start": { "line": 25, "column": 8 },
        "end": { "line": 25, "column": 13 }
      },
      "5": {
        "start": { "line": 28, "column": 27 },
        "end": { "line": 32, "column": null }
      },
      "6": {
        "start": { "line": 35, "column": 4 },
        "end": { "line": 51, "column": 6 }
      },
      "7": {
        "start": { "line": 55, "column": 0 },
        "end": { "line": 55, "column": 36 }
      }
    },
    "fnMap": {
      "0": {
        "name": "(anonymous_10)",
        "decl": {
          "start": { "line": 17, "column": 2 },
          "end": { "line": 17, "column": 3 }
        },
        "loc": {
          "start": { "line": 17, "column": 17 },
          "end": { "line": 52, "column": 3 }
        }
      }
    },
    "branchMap": {
      "0": {
        "loc": {
          "start": { "line": 20, "column": 6 },
          "end": { "line": 20, "column": 21 }
        },
        "type": "default-arg",
        "locations": [
          {
            "start": { "line": 20, "column": 13 },
            "end": { "line": 20, "column": 21 }
          }
        ]
      },
      "1": {
        "loc": {
          "start": { "line": 21, "column": 6 },
          "end": { "line": 21, "column": 22 }
        },
        "type": "default-arg",
        "locations": [
          {
            "start": { "line": 21, "column": 17 },
            "end": { "line": 21, "column": 22 }
          }
        ]
      },
      "2": {
        "loc": {
          "start": { "line": 30, "column": 6 },
          "end": { "line": 30, "column": 26 }
        },
        "type": "binary-expr",
        "locations": [
          {
            "start": { "line": 30, "column": 6 },
            "end": { "line": 30, "column": 10 }
          },
          {
            "start": { "line": 30, "column": 14 },
            "end": { "line": 30, "column": 26 }
          }
        ]
      },
      "3": {
        "loc": {
          "start": { "line": 31, "column": 6 },
          "end": { "line": 31, "column": 33 }
        },
        "type": "binary-expr",
        "locations": [
          {
            "start": { "line": 31, "column": 6 },
            "end": { "line": 31, "column": 14 }
          },
          {
            "start": { "line": 31, "column": 18 },
            "end": { "line": 31, "column": 33 }
          }
        ]
      },
      "4": {
        "loc": {
          "start": { "line": 38, "column": 9 },
          "end": { "line": 38, "column": 66 }
        },
        "type": "binary-expr",
        "locations": [
          {
            "start": { "line": 38, "column": 9 },
            "end": { "line": 38, "column": 15 }
          },
          {
            "start": { "line": 38, "column": 19 },
            "end": { "line": 38, "column": 66 }
          }
        ]
      },
      "5": {
        "loc": {
          "start": { "line": 49, "column": 9 },
          "end": { "line": 49, "column": 66 }
        },
        "type": "binary-expr",
        "locations": [
          {
            "start": { "line": 49, "column": 9 },
            "end": { "line": 49, "column": 15 }
          },
          {
            "start": { "line": 49, "column": 19 },
            "end": { "line": 49, "column": 66 }
          }
        ]
      }
    },
    "s": { "0": 1, "1": 1, "2": 1, "3": 1, "4": 10, "5": 10, "6": 10, "7": 1 },
    "f": { "0": 10 },
    "b": {
      "0": [9],
      "1": [8],
      "2": [10, 10],
      "3": [10, 2],
      "4": [10, 1],
      "5": [10, 6]
    }
  },
  "D:\\学习\\前端实习资料\\project\\cheese-design\\packages\\components\\src\\Input\\Password.tsx": {
    "path": "D:\\学习\\前端实习资料\\project\\cheese-design\\packages\\components\\src\\Input\\Password.tsx",
    "statementMap": {
      "0": {
        "start": { "line": 2, "column": 0 },
        "end": { "line": 2, "column": 52 }
      },
      "1": {
        "start": { "line": 3, "column": 0 },
        "end": { "line": 3, "column": 57 }
      },
      "2": {
        "start": { "line": 4, "column": 0 },
        "end": { "line": 4, "column": 41 }
      },
      "3": {
        "start": { "line": 8, "column": 13 },
        "end": { "line": 39, "column": 2 }
      },
      "4": {
        "start": { "line": 10, "column": 34 },
        "end": { "line": 10, "column": 49 }
      },
      "5": {
        "start": { "line": 12, "column": 29 },
        "end": { "line": 16, "column": 5 }
      },
      "6": {
        "start": { "line": 13, "column": 6 },
        "end": { "line": 15, "column": 7 }
      },
      "7": {
        "start": { "line": 14, "column": 8 },
        "end": { "line": 14, "column": 29 }
      },
      "8": {
        "start": { "line": 20, "column": 6 },
        "end": { "line": 25, "column": null }
      },
      "9": {
        "start": { "line": 29, "column": 4 },
        "end": { "line": 37, "column": 6 }
      },
      "10": {
        "start": { "line": 41, "column": 0 },
        "end": { "line": 41, "column": 34 }
      }
    },
    "fnMap": {
      "0": {
        "name": "(anonymous_10)",
        "decl": {
          "start": { "line": 9, "column": 2 },
          "end": { "line": 9, "column": 3 }
        },
        "loc": {
          "start": { "line": 9, "column": 17 },
          "end": { "line": 38, "column": 3 }
        }
      },
      "1": {
        "name": "(anonymous_11)",
        "decl": {
          "start": { "line": 12, "column": 29 },
          "end": { "line": 12, "column": 32 }
        },
        "loc": {
          "start": { "line": 12, "column": 34 },
          "end": { "line": 16, "column": 5 }
        }
      }
    },
    "branchMap": {
      "0": {
        "loc": {
          "start": { "line": 13, "column": 6 },
          "end": { "line": 15, "column": 7 }
        },
        "type": "if",
        "locations": [
          {
            "start": { "line": 13, "column": 6 },
            "end": { "line": 15, "column": 7 }
          },
          { "start": {}, "end": {} }
        ]
      },
      "1": {
        "loc": {
          "start": { "line": 23, "column": 25 },
          "end": { "line": 23, "column": 67 }
        },
        "type": "cond-expr",
        "locations": [
          {
            "start": { "line": 23, "column": 42 },
            "end": { "line": 23, "column": 55 }
          },
          {
            "start": { "line": 23, "column": 58 },
            "end": { "line": 23, "column": 67 }
          }
        ]
      },
      "2": {
        "loc": {
          "start": { "line": 25, "column": 9 },
          "end": { "line": 25, "column": 31 }
        },
        "type": "cond-expr",
        "locations": [
          {
            "start": { "line": 25, "column": 19 },
            "end": { "line": 25, "column": 23 }
          },
          {
            "start": { "line": 25, "column": 26 },
            "end": { "line": 25, "column": 31 }
          }
        ]
      },
      "3": {
        "loc": {
          "start": { "line": 34, "column": 14 },
          "end": { "line": 34, "column": 43 }
        },
        "type": "cond-expr",
        "locations": [
          {
            "start": { "line": 34, "column": 24 },
            "end": { "line": 34, "column": 30 }
          },
          {
            "start": { "line": 34, "column": 33 },
            "end": { "line": 34, "column": 43 }
          }
        ]
      }
    },
    "s": {
      "0": 1,
      "1": 1,
      "2": 1,
      "3": 1,
      "4": 5,
      "5": 5,
      "6": 3,
      "7": 2,
      "8": 5,
      "9": 5,
      "10": 1
    },
    "f": { "0": 5, "1": 3 },
    "b": { "0": [2, 1], "1": [1, 4], "2": [1, 4], "3": [1, 4] }
  },
  "D:\\学习\\前端实习资料\\project\\cheese-design\\packages\\components\\src\\Input\\index.tsx": {
    "path": "D:\\学习\\前端实习资料\\project\\cheese-design\\packages\\components\\src\\Input\\index.tsx",
    "statementMap": {
      "0": {
        "start": { "line": 2, "column": 0 },
        "end": { "line": 2, "column": 40 }
      },
      "1": {
        "start": { "line": 3, "column": 0 },
        "end": { "line": 3, "column": 38 }
      },
      "2": {
        "start": { "line": 11, "column": 14 },
        "end": { "line": 11, "column": 50 }
      },
      "3": {
        "start": { "line": 15, "column": 9 },
        "end": { "line": 15, "column": 14 }
      },
      "4": {
        "start": { "line": 12, "column": 0 },
        "end": { "line": 12, "column": 26 }
      }
    },
    "fnMap": {},
    "branchMap": {},
    "s": { "0": 1, "1": 1, "2": 1, "3": 1, "4": 1 },
    "f": {},
    "b": {}
  }
}
