{
  "D:\\学习\\前端实习资料\\project\\cheese-design\\packages\\components\\src\\Button\\index.tsx": {
    "path": "D:\\学习\\前端实习资料\\project\\cheese-design\\packages\\components\\src\\Button\\index.tsx",
    "statementMap": {
      "0": {
        "start": { "line": 1, "column": 0 },
        "end": { "line": 1, "column": 26 }
      },
      "1": {
        "start": { "line": 2, "column": 0 },
        "end": { "line": 2, "column": 36 }
      },
      "2": {
        "start": { "line": 3, "column": 0 },
        "end": { "line": 3, "column": 41 }
      },
      "3": {
        "start": { "line": 15, "column": 45 },
        "end": { "line": 33, "column": 1 }
      },
      "4": {
        "start": { "line": 22, "column": 18 },
        "end": { "line": 26, "column": null }
      },
      "5": {
        "start": { "line": 28, "column": 2 },
        "end": { "line": 32, "column": 4 }
      },
      "6": {
        "start": { "line": 15, "column": 13 },
        "end": { "line": 15, "column": 45 }
      }
    },
    "fnMap": {
      "0": {
        "name": "(anonymous_1)",
        "decl": {
          "start": { "line": 15, "column": 45 },
          "end": { "line": 15, "column": 46 }
        },
        "loc": {
          "start": { "line": 21, "column": 5 },
          "end": { "line": 33, "column": 1 }
        }
      }
    },
    "branchMap": {
      "0": {
        "loc": {
          "start": { "line": 17, "column": 2 },
          "end": { "line": 17, "column": 18 }
        },
        "type": "default-arg",
        "locations": [
          {
            "start": { "line": 17, "column": 9 },
            "end": { "line": 17, "column": 18 }
          }
        ]
      },
      "1": {
        "loc": {
          "start": { "line": 18, "column": 2 },
          "end": { "line": 18, "column": 17 }
        },
        "type": "default-arg",
        "locations": [
          {
            "start": { "line": 18, "column": 9 },
            "end": { "line": 18, "column": 17 }
          }
        ]
      },
      "2": {
        "loc": {
          "start": { "line": 19, "column": 2 },
          "end": { "line": 19, "column": 18 }
        },
        "type": "default-arg",
        "locations": [
          {
            "start": { "line": 19, "column": 13 },
            "end": { "line": 19, "column": 18 }
          }
        ]
      },
      "3": {
        "loc": {
          "start": { "line": 24, "column": 4 },
          "end": { "line": 24, "column": 24 }
        },
        "type": "binary-expr",
        "locations": [
          {
            "start": { "line": 24, "column": 4 },
            "end": { "line": 24, "column": 8 }
          },
          {
            "start": { "line": 24, "column": 12 },
            "end": { "line": 24, "column": 24 }
          }
        ]
      },
      "4": {
        "loc": {
          "start": { "line": 25, "column": 4 },
          "end": { "line": 25, "column": 24 }
        },
        "type": "binary-expr",
        "locations": [
          {
            "start": { "line": 25, "column": 4 },
            "end": { "line": 25, "column": 8 }
          },
          {
            "start": { "line": 25, "column": 12 },
            "end": { "line": 25, "column": 24 }
          }
        ]
      },
      "5": {
        "loc": {
          "start": { "line": 26, "column": 4 },
          "end": { "line": 26, "column": 31 }
        },
        "type": "binary-expr",
        "locations": [
          {
            "start": { "line": 26, "column": 4 },
            "end": { "line": 26, "column": 12 }
          },
          {
            "start": { "line": 26, "column": 16 },
            "end": { "line": 26, "column": 31 }
          }
        ]
      }
    },
    "s": { "0": 1, "1": 1, "2": 1, "3": 1, "4": 3, "5": 3, "6": 1 },
    "f": { "0": 3 },
    "b": { "0": [3], "1": [3], "2": [2], "3": [3, 3], "4": [3, 3], "5": [3, 1] }
  }
}
