TN:
SF:src\Button\index.tsx
FN:15,(anonymous_1)
FNF:1
FNH:1
FNDA:3,(anonymous_1)
DA:1,1
DA:2,1
DA:3,1
DA:15,1
DA:22,3
DA:28,3
LF:6
LH:6
BRDA:17,0,0,3
BRDA:18,1,0,3
BRDA:19,2,0,2
BRDA:24,3,0,3
BRDA:24,3,1,3
BRDA:25,4,0,3
BRDA:25,4,1,3
BRDA:26,5,0,3
BRDA:26,5,1,1
BRF:9
BRH:9
end_of_record
TN:
SF:src\Input\Input.tsx
FN:17,(anonymous_10)
FNF:1
FNH:1
FNDA:10,(anonymous_10)
DA:2,1
DA:3,1
DA:4,1
DA:16,1
DA:25,10
DA:28,10
DA:35,10
DA:55,1
LF:8
LH:8
BRDA:20,0,0,9
BRDA:21,1,0,8
BRDA:30,2,0,10
BRDA:30,2,1,10
BRDA:31,3,0,10
BRDA:31,3,1,2
BRDA:38,4,0,10
BRDA:38,4,1,1
BRDA:49,5,0,10
BRDA:49,5,1,6
BRF:10
BRH:10
end_of_record
TN:
SF:src\Input\Password.tsx
FN:9,(anonymous_10)
FN:12,(anonymous_11)
FNF:2
FNH:2
FNDA:5,(anonymous_10)
FNDA:3,(anonymous_11)
DA:2,1
DA:3,1
DA:4,1
DA:8,1
DA:10,5
DA:12,5
DA:13,3
DA:14,2
DA:20,5
DA:29,5
DA:41,1
LF:11
LH:11
BRDA:13,0,0,2
BRDA:13,0,1,1
BRDA:23,1,0,1
BRDA:23,1,1,4
BRDA:25,2,0,1
BRDA:25,2,1,4
BRDA:34,3,0,1
BRDA:34,3,1,4
BRF:8
BRH:8
end_of_record
TN:
SF:src\Input\index.tsx
FNF:0
FNH:0
DA:2,1
DA:3,1
DA:11,1
DA:12,1
DA:15,1
LF:5
LH:5
BRF:0
BRH:0
end_of_record
